mutationID CAP001-Nb-K CAP001-Td1c-K CAP002-Nb CAP002-Td1b-K CAP003-Nb-K CAP003-Td1a CAP003-Td1b publicDB freq
1.103468336.A.C 0 0 0.266667 0 0 0 0.08 unknown 2/7
1.10510320.G.A 0 0 0.464286 0.333333 0.123596 0 0 unknown 3/7
1.109391557.G.A 0 0 0.540541 0.46988 0.0740741 0 0 unknown 3/7
1.109428144.G.C 0 0 0 0 0 0.15 0.0957447 unknown 2/7
1.109477466.G.T 0 0 0 0 0 0 0.152174 unknown 1/7
1.110033736.G.A 0.465116 0.570312 0 0.0555556 0 0 0 unknown 3/7
1.111061240.G.C 0.0263158 0 0 0 0.335616 0.439024 0.264151 unknown 4/7
1.111147212.G.A 0.0230769 0 0 0 0 0.0595238 0.105263 unknown 3/7
1.111783982.C.T 0.427083 0.483871 0 0 0 0 0 unknown 2/7
1.115576752.G.T 0.0252366 0 0 0 0 0.227907 0.0738007 unknown 3/7
1.117509538.G.A 0 0.0348837 0.530303 0.461538 0.0989011 0 0 germline 4/7
1.118501941.T.G 0 0 0.181818 0 0.0816327 0 0.12963 unknown 3/7
1.150255861.A.G 0.503497 0.445378 0 0.0384615 0 0 0 unknown 3/7
1.151811136.C.A 0 0 0 0 0 0 0 unknown 2/7
1.156948078.C.G 0 0 0.576923 0.452055 0.12 0 0 unknown 3/7
1.165397996.G.A 0.434211 0.461538 0 0.0410959 0 0 0 germline 3/7
1.173934005.T.G 0.457944 0.477778 0 0.0493827 0 0 0 unknown 3/7
1.175375581.C.A 0 0 0 0 0 0.163158 0.0530973 unknown 2/7
1.177902729.C.T 0.372093 0.505376 0 0.0310078 0 0 0 unknown 3/7
1.180243702.T.G 0.414414 0.630137 0 0.0843373 0 0 0 germline 3/7
1.181762863.G.T 0.431034 0.446809 0 0 0 0 0 unknown 2/7
1.186052030.T.G 0 0 0.0731707 0 0 0 0 unknown 1/7
1.18704810.A.G 0.3 0.362637 0 0.0747664 0 0 0 unknown 3/7
1.201016674.G.C 0.338983 0.3125 0 0.046875 0 0 0 unknown 3/7
1.203024616.G.A 0.406593 0.505435 0 0.0663265 0 0 0 germline 3/7
1.204409325.C.T 0 0.0560748 0.520548 0.447368 0.0675676 0 0 unknown 4/7
1.204944474.T.G 0 0 0.0967742 0 0 0 0 unknown 1/7
1.206821140.T.G 0.373494 0.469945 0 0.0531915 0 0 0 unknown 3/7
1.207196437.C.T 0.449704 0.5 0 0.0403587 0 0 0 unknown 3/7
1.208062520.A.G 0.402985 0.38806 0 0.0684932 0 0 0 unknown 3/7
1.208272313.A.C 0 0 0 0 0 0 0 unknown 1/7
1.209799220.A.C 0 0.329412 0 0.0609756 0 0 0 unknown 2/7
1.214170884.C.T 0.444444 0.316832 0 0.030888 0 0 0 unknown 3/7
1.215960153.A.C 0.0428571 0 0.171429 0 0 0 0.195122 unknown 3/7
1.228494145.G.A 0 0 0 0 0.352273 0.435484 0.366667 germline 3/7
1.228554107.G.A 0.565217 0.466667 0 0.0510204 0 0 0 unknown 3/7
1.22920114.G.C 0.0694444 0 0 0 0 0.532258 0.4375 unknown 3/7
1.233464070.C.T 0.608696 0.541667 0 0 0 0 0 unknown 2/7
1.233515122.A.C 0 0 0.0540541 0 0 0 0 unknown 1/7
1.235969091.A.T 0 0.0315789 0.525641 0.366667 0.133858 0 0 unknown 4/7
1.236702374.G.C 0 0 0.428571 0.375 0.142857 0 0 unknown 3/7
1.242020734.C.A 0 0 0.0967742 0 0 0 0.1 unknown 2/7
1.248004660.T.G 0 0 0 0 0 0 0.0344828 unknown 1/7
1.248845546.C.T 0 0.0493827 0.47619 0.4875 0.106195 0 0 unknown 4/7
1.26670418.C.T 0 0 0.552239 0.483516 0.0722892 0 0 unknown 3/7
1.33959027.A.G 0 0.0232558 0.5 0.461538 0.129555 0 0 unknown 4/7
1.34076807.G.A 0.459459 0.425 0 0 0 0 0 germline 2/7
1.34667784.A.C 0.0189873 0 0.122807 0 0 0 0.0394737 unknown 3/7
1.36550551.G.A 0 0 0 0 0.376471 0.462963 0.333333 germline 3/7
1.38411515.T.A 0 0.0298507 0.510417 0.450382 0.106509 0 0 unknown 4/7
1.41847684.C.T 0 0 0 0 0.5 0.4375 0 unknown 3/7
1.46105938.C.T 0.45283 0.333333 0 0.023622 0 0 0 germline 3/7
1.46654599.C.A 0 0 0.527778 0.485714 0.107143 0 0 unknown 3/7
1.46751578.T.G 0.0555556 0 0.188406 0.0449438 0 0 0.0612245 unknown 4/7
1.47903920.A.G 0 0 0 0 0 0 0 unknown 1/7
1.51767304.G.C 0 0.0431034 0.432692 0.44186 0.0792683 0 0 unknown 4/7
1.63021560.A.G 0 0.03 0.557377 0.379845 0.131579 0 0 unknown 4/7
1.63021561.A.C 0 0.029703 0.553719 0.384615 0.13245 0 0 unknown 4/7
1.65325803.C.A 0 0 0 0 0 0.0740741 0.138889 unknown 2/7
1.6676906.T.A 0 0 0.467742 0.463918 0.142857 0 0 unknown 3/7
1.70504607.C.A 0 0.0944444 0 0.0213904 0 0 0 unknown 2/7
1.78407781.G.T 0 0 0 0.228571 0 0 0 unknown 1/7
1.8420219.C.T 0.444444 0.433333 0 0.103448 0 0 0 unknown 3/7
1.86591209.C.T 0 0.0384615 0.447761 0.460317 0.105263 0 0 germline 4/7
1.9074819.C.G 0 0 0 0.438356 0 0 0 unknown 1/7
1.92595285.T.C 0.318471 0.5625 0 0.0695652 0 0 0 unknown 3/7
10.100150807.G.T 0 0 0 0 0.367347 0.526316 0.478261 germline 3/7
10.103577640.C.T 0 0 0 0.5 0 0 0 unknown 2/7
10.112540622.A.C 0 0 0.0740741 0 0.0175439 0 0 unknown 2/7
10.115917403.G.A 0 0 0.566667 0.344828 0.264706 0 0 unknown 3/7
10.120354513.C.T 0 0 0.465347 0.385621 0.0822785 0 0 unknown 3/7
10.134218580.C.T 0 0 0 0.32 0.190476 0 0 unknown 3/7
10.13699338.T.G 0 0 0.0851064 0 0 0 0 unknown 1/7
10.35858000.G.A 0 0.0447761 0.6 0.521277 0.0493827 0 0 unknown 4/7
10.70968547.A.G 0 0.033557 0.470085 0.480226 0.115385 0 0 unknown 4/7
10.74999101.T.G 0.458647 0.392857 0 0.0265487 0 0 0 unknown 3/7
10.75000739.G.A 0 0 0.488095 0.41573 0.104 0 0 unknown 3/7
10.91359197.G.A 0 0.0251046 0.569444 0.485714 0.153846 0 0 unknown 4/7
10.94821967.C.G 0 0.540541 0 0 0 0 0 unknown 2/7
10.95660823.C.T 0.442308 0.479087 0 0.0466667 0 0 0 unknown 3/7
10.98778796.T.G 0 0 0.117647 0 0 0 0 unknown 1/7
11.106647209.C.G 0.442105 0.549296 0 0.0379747 0 0 0 unknown 3/7
11.11398891.C.T 0.577778 0.444444 0 0 0 0 0 unknown 2/7
11.118773382.G.A 0 0 0 0 0 0.267606 0.451613 unknown 2/7
11.119050423.C.T 0.0277778 0 0 0 0 0.226804 0.307692 unknown 3/7
11.12225829.G.T 0 0 0 0 0 0 0 unknown 1/7
11.123754027.T.C 0 0.0517241 0.55102 0.435484 0.129032 0 0 unknown 4/7
11.126146290.T.G 0 0 0 0 0 0 0.190476 unknown 2/7
11.130029880.G.A 0 0 0 0 0.444444 0.458333 0 germline 2/7
11.1856656.G.A 0 0 0.521739 0.422535 0.0779221 0 0 unknown 3/7
11.19955509.C.T 0 0 0.457627 0.357798 0.10559 0 0 germline 3/7
11.20628574.T.C 0 0.28866 0 0 0 0 0 unknown 1/7
11.22881931.C.T 0.413265 0.472973 0 0.0442478 0 0 0 germline 3/7
11.26718732.C.A 0.0350877 0.0215827 0.141304 0 0.0461538 0 0.207317 unknown 5/7
11.33079492.C.T 0 0 0 0.275862 0 0 0 unknown 1/7
11.33565450.A.G 0 0.025974 0.517073 0.496269 0.130303 0 0 unknown 4/7
11.45986887.G.T 0 0 0 0 0 0 0 unknown 1/7
11.46806082.T.C 0.383178 0.40991 0 0.0622407 0 0 0 unknown 3/7
11.544753.T.C 0 0 0.45977 0.364706 0.154545 0 0 unknown 3/7
11.8284888.C.T 0 0 0 0 0.40678 0.528302 0 unknown 3/7
12.105546171.A.C 0 0.040293 0.560847 0.408907 0.139286 0 0 unknown 4/7
12.107937782.C.A 0 0 0.493671 0.423077 0.084507 0 0 unknown 3/7
12.112688167.A.C 0 0 0.206897 0 0.0847458 0 0 unknown 2/7
12.120518807.C.T 0.371795 0.4375 0 0.0769231 0 0 0 unknown 3/7
12.122812693.G.T 0 0 0.0925926 0 0.0277778 0 0 unknown 2/7
12.122812697.C.T 0 0 0.0380952 0 0 0 0.0666667 unknown 2/7
12.122812704.C.T 0 0 0.0683761 0 0.0248447 0 0.101124 unknown 3/7
12.122845695.G.A 0 0 0.0714286 0 0 0 0.0483871 unknown 2/7
12.122845698.C.A 0.0479452 0 0.3375 0.0254237 0.0408163 0 0.271429 unknown 5/7
12.129181906.C.G 0 0 0 0 0.295775 0.45283 0.615385 unknown 3/7
12.132635555.G.A 0.369565 0.354167 0 0.04 0 0 0 unknown 3/7
12.133158347.A.G 0 0 0 0 0.336957 0.285714 0.342105 unknown 3/7
12.21448726.C.A 0 0.262295 0 0 0 0 0 unknown 1/7
12.21733429.T.C 0.398649 0.465753 0 0.03125 0 0 0 unknown 3/7
12.22199265.A.T 0.642857 0.457143 0 0.146341 0 0 0 unknown 3/7
12.40499329.C.T 0 0.0348837 0.567568 0.448718 0.121212 0 0 unknown 4/7
12.4461695.A.C 0 0 0.0305344 0 0 0 0.0291971 unknown 2/7
12.50029634.C.T 0 0 0.487805 0.466667 0.08 0 0 unknown 3/7
12.50344816.A.C 0 0 0.0806452 0 0 0 0 unknown 1/7
12.50747858.C.A 0.0591133 0 0 0 0.384921 0.573248 0.584158 unknown 4/7
12.53647177.T.G 0 0 0.138889 0.0218978 0.0454545 0 0.0943396 unknown 4/7
12.53702590.A.G 0 0.0254777 0.547368 0.506579 0.109195 0 0 unknown 4/7
12.56398295.T.G 0 0.038961 0.0833333 0 0 0 0 unknown 2/7
12.58202222.T.C 0.031746 0 0 0 0.363057 0.494737 0.47561 germline 4/7
12.59279657.A.C 0.0451128 0 0 0 0 0 0.144737 unknown 2/7
12.64536195.A.C 0 0 0.0674157 0 0.025641 0 0.0512821 unknown 3/7
12.67698883.G.A 0 0 0 0.134615 0 0 0 unknown 1/7
12.71095080.G.A 0 0 0.44 0.461538 0.133333 0 0 unknown 3/7
12.97114295.G.A 0 0 0 0 0.361702 0.478261 0.571429 germline 3/7
12.99106197.A.G 0 0 0.52459 0.473684 0.121951 0 0 unknown 3/7
12.9913396.G.A 0 0 0 0 0 0.22293 0.0901961 unknown 2/7
13.103393536.C.T 0 0.385027 0 0.0322581 0 0 0 unknown 2/7
13.110437802.A.C 0 0 0.0506329 0 0 0 0 unknown 1/7
13.110847382.T.A 0 0.023622 0.566038 0.366667 0.111111 0 0 unknown 4/7
13.113863980.G.A 0 0 0 0 0.344828 0 0 unknown 3/7
13.20763164.G.A 0 0.0331492 0.464286 0.438914 0.0816327 0 0 unknown 4/7
13.21751129.G.C 0.528 0.428571 0 0.0275862 0 0 0 unknown 3/7
13.37012866.T.G 0 0 0 0 0 0 0.142857 unknown 1/7
13.39586969.G.T 0.0375 0 0 0 0 0.109091 0.142857 unknown 3/7
13.46942949.A.C 0 0 0 0 0 0 0.0641026 unknown 1/7
13.49281344.G.A 0.00993377 0.0305677 0.49537 0.434164 0.0868056 0 0 unknown 5/7
13.50279772.T.C 0.442379 0.373272 0 0.0429688 0 0 0 unknown 3/7
13.52345607.T.C 0.522936 0.347222 0 0 0 0 0 unknown 2/7
13.73321164.T.C 0 0.05 0.519608 0.532787 0.145455 0 0 germline 4/7
13.74387346.A.G 0 0.195122 0 0 0 0 0 unknown 1/7
13.98652834.G.T 0.0184049 0 0.0571429 0 0 0 0.115942 unknown 3/7
14.102973699.G.A 0 0.307692 0 0 0 0 0 unknown 2/7
14.104643473.A.G 0 0 0.565789 0.387097 0.138298 0 0 unknown 3/7
14.104643946.G.A 0 0 0 0 0.448276 0.636364 0 germline 3/7
14.24026418.T.C 0.376471 0.493827 0 0.0322581 0 0 0 unknown 3/7
14.24898103.C.T 0 0 0.590164 0.52381 0.173333 0 0 unknown 3/7
14.34270056.C.T 0.0193548 0 0 0 0 0.0601504 0.222222 unknown 3/7
14.39601190.G.T 0 0 0 0 0 0 0.148148 unknown 1/7
14.39901118.C.A 0 0 0 0 0.361345 0.471429 0 unknown 3/7
14.45716333.A.C 0 0.0481928 0.567568 0.449438 0.158416 0 0 germline 4/7
14.52781266.C.T 0 0 0.409091 0.392857 0.134831 0 0 unknown 3/7
14.53529684.A.G 0 0.0211864 0.459302 0.442688 0.0880503 0 0 unknown 4/7
14.65270332.C.T 0 0 0 0 0 0.114286 0.137931 unknown 2/7
14.72176130.A.G 0 0.0258621 0.505747 0.451128 0.109375 0 0 unknown 4/7
14.74969593.G.A 0 0 0 0 0.387097 0 0 unknown 3/7
14.75264431.A.G 0.42069 0.336207 0 0.0387597 0 0 0 germline 3/7
14.75514686.G.A 0.431373 0.507317 0 0.0454545 0 0 0 unknown 3/7
14.77786800.G.C 0 0 0.505882 0.390244 0.0762712 0 0 unknown 3/7
14.94046664.A.G 0.414894 0.40625 0 0.0824742 0 0 0 unknown 3/7
14.94546016.C.T 0 0.012987 0.484211 0.460714 0.119601 0 0 unknown 4/7
15.35202420.T.C 0 0.04375 0.460317 0.43956 0.0970874 0 0 unknown 4/7
15.49882059.A.G 0.0428571 0 0 0 0.369565 0.545455 0.485294 unknown 4/7
15.53994436.G.T 0.0233918 0 0 0 0 0.05 0.144737 unknown 3/7
15.59064289.C.A 0 0.028777 0.448529 0.422857 0.0790698 0 0 unknown 4/7
15.65370294.G.C 0.463415 0.627907 0 0.0518135 0 0 0 unknown 3/7
15.67073365.C.T 0 0 0.484375 0.613861 0.153846 0 0 unknown 3/7
15.68521889.C.T 0 0 0 0.478261 0 0 0 unknown 2/7
15.81666418.T.C 0 0.0985915 0.466667 0.465116 0.0879121 0 0 unknown 4/7
15.89002932.T.G 0 0.0684932 0.571429 0.453608 0.14433 0 0 unknown 4/7
16.12009287.T.G 0 0.0833333 0 0.138889 0 0 0 unknown 2/7
16.1272760.C.T 0.612903 0.48 0 0 0 0 0 unknown 2/7
16.14041701.C.T 0.405797 0.45509 0 0.0609137 0 0 0 unknown 3/7
16.2143830.G.A 0 0.337838 0 0 0 0 0 unknown 1/7
16.2548270.A.G 0.452055 0.390805 0 0.0526316 0 0 0 unknown 3/7
16.3139290.G.C 0 0.0379747 0.557692 0.551724 0.139785 0 0 unknown 4/7
16.3168942.C.A 0.0543478 0 0 0 0.345238 0.553191 0.375 unknown 4/7
16.335158.G.A 0.475728 0.472727 0 0.0526316 0 0 0 unknown 3/7
16.418533.C.T 0 0.0606061 0.507246 0.476562 0.0740741 0 0 unknown 4/7
16.4659850.T.G 0.0697674 0 0.0769231 0 0.0714286 0 0 unknown 3/7
16.476096.A.G 0 0 0 0 0 0 0 unknown 1/7
16.57937856.G.T 0 0 0 0 0.372549 0.454545 0 unknown 3/7
16.66620929.G.A 0.460317 0.393443 0 0 0 0 0 unknown 2/7
16.67314684.G.A 0.0340909 0 0 0 0 0 0.28125 unknown 2/7
16.68269832.A.C 0 0 0.0769231 0 0.0945946 0 0 unknown 2/7
16.68344437.C.T 0 0 0.563636 0.458333 0.0697674 0 0 unknown 3/7
16.72830541.G.A 0 0 0 0 0 0.292929 0.160714 unknown 2/7
16.72831664.A.C 0.43956 0.5 0 0 0 0 0 germline 2/7
16.74640819.C.T 0 0.0961538 0.54902 0.511111 0.153061 0 0 unknown 4/7
16.74664732.A.G 0.0309278 0 0 0 0.416667 0.691176 0.45098 unknown 4/7
16.81173233.G.A 0 0 0 0 0.397727 0.756757 0.586207 unknown 3/7
16.81190482.G.A 0 0 0 0 0 0.078125 0.166667 unknown 2/7
16.83933089.C.T 0 0 0 0 0.37234 0.810811 0 unknown 3/7
16.840633.A.C 0 0 0.322581 0 0 0 0 unknown 1/7
16.85942643.A.C 0 0 0 0 0 0 0.0789474 unknown 1/7
16.88722530.G.A 0 0 0 0 0.396226 0.727273 0 unknown 3/7
16.89763741.C.G 0.615385 0 0 0 0 0 0 unknown 2/7
17.15207442.G.T 0.0340909 0 0 0 0 0.0555556 0.301887 unknown 3/7
17.2202765.C.T 0 0.275 0 0.0310078 0 0 0 unknown 2/7
17.2203016.T.C 0.373272 0.58156 0 0.0594595 0 0 0 unknown 3/7
17.2265496.A.T 0.0375 0 0 0 0.345679 0.522388 0.340909 unknown 4/7
17.48227459.T.G 0 0 0 0 0.458333 0.55 0 unknown 2/7
17.55184422.A.C 0 0 0.0689655 0 0.0263158 0 0 unknown 2/7
17.56565168.G.A 0 0 0 0.304348 0 0 0 unknown 2/7
17.57058142.A.G 0.445652 0.496689 0 0.0538922 0 0 0 unknown 3/7
17.57126622.C.T 0.441667 0.53012 0 0 0 0 0 unknown 2/7
17.62131691.G.A 0.0372671 0 0 0 0 0.273585 0.358491 unknown 3/7
17.62248511.C.T 0 0.0265487 0.442478 0.427481 0.104575 0 0 germline 4/7
17.66925812.T.C 0 0 0.418803 0.375 0.0695187 0 0 unknown 3/7
17.72954828.C.T 0.486111 0.515625 0 0.0344828 0 0 0 unknown 3/7
17.73616628.C.T 0 0.0337079 0.441176 0.386364 0.0847458 0 0 unknown 4/7
17.73620030.G.C 0 0 0.514286 0.420561 0.047619 0 0 unknown 3/7
17.79496355.C.T 0.54918 0.460526 0 0.045045 0 0 0 unknown 3/7
17.79981535.C.G 0 0 0 0 0 0 0 unknown 2/7
17.80009586.C.T 0 0 0 0 0 0 0 unknown 1/7
17.80442721.G.A 0.038961 0 0 0 0.343949 0.508475 0.493333 germline 4/7
17.8926467.C.G 0.0361446 0 0 0 0.388571 0.5 0.553571 unknown 4/7
18.2796057.G.A 0 0 0 0 0 0.197531 0.08 unknown 2/7
18.28914024.C.T 0 0 0.459459 0.545455 0.152542 0 0 unknown 3/7
18.2906950.G.A 0 0 0 0 0 0 0 unknown 2/7
18.31801987.G.A 0.571429 0.426471 0 0 0 0 0 unknown 2/7
18.34298339.A.C 0 0 0 0.275862 0 0 0 unknown 1/7
18.34647322.G.T 0.437736 0.55102 0 0.0576923 0 0 0 unknown 3/7
18.34647323.T.G 0.446565 0.54918 0 0.0570342 0 0 0 unknown 3/7
18.46447801.T.G 0 0 0.16129 0.0681818 0.0909091 0 0 unknown 3/7
18.47563310.T.C 0 0.0454545 0.522388 0.477419 0.107527 0 0 germline 4/7
18.67741143.G.T 0.392045 0.365517 0 0 0 0 0 unknown 2/7
18.67872876.T.C 0 0 0.42069 0.380117 0.0689655 0 0 unknown 3/7
18.6966227.C.T 0.371134 0.454545 0 0.0595238 0 0 0 unknown 3/7
18.77623926.G.A 0 0 0 0 0 0.2 0.296296 unknown 2/7
19.10221714.G.A 0 0 0 0 0 0.195946 0.056338 unknown 2/7
19.10221715.T.C 0 0 0 0 0 0.19863 0.056338 unknown 2/7
19.10692029.C.G 0 0 0.468354 0.433333 0.0916031 0 0 unknown 3/7
19.10747349.G.C 0.440367 0.482759 0 0.0325203 0 0 0 unknown 3/7
19.10812162.C.T 0 0 0 0 0.485714 0.508475 0.448276 unknown 3/7
19.10935797.T.G 0 0 0.114286 0 0 0 0.133333 unknown 2/7
19.11222242.G.A 0.037037 0 0 0 0.394958 0.414634 0.540984 unknown 4/7
19.11651944.G.T 0 0 0.479167 0.453125 0.114943 0 0 unknown 3/7
19.12763187.T.A 0 0.043956 0.445946 0.507812 0.0962963 0 0 unknown 4/7
19.12817040.G.A 0 0 0.469697 0.507937 0.0559441 0 0 unknown 3/7
19.1430261.G.C 0.0857143 0.0882353 0 0 0 0 0 unknown 3/7
19.17256257.G.A 0 0.0162162 0.419355 0.433526 0.0883721 0 0 unknown 4/7
19.17397266.C.A 0.388889 0.4 0 0 0 0 0 unknown 2/7
19.17405259.G.C 0.5 0.51 0 0.0350877 0 0 0 unknown 3/7
19.17598303.C.T 0 0 0 0 0 0 0 unknown 2/7
19.17844129.C.T 0 0 0.433333 0.428571 0.133333 0 0 unknown 3/7
19.1795937.C.T 0 0.024 0.462264 0.364238 0.1 0 0 unknown 4/7
19.1828229.T.C 0 0 0.510638 0.246377 0.0740741 0 0 unknown 3/7
19.18377925.T.C 0 0.0384615 0.556122 0.438776 0.109272 0 0 unknown 4/7
19.30020859.C.T 0 0 0 0 0 0 0.172414 unknown 1/7
19.30106188.C.T 0 0.0241935 0.492958 0.311111 0.0545455 0 0 unknown 4/7
19.3449068.T.C 0.0454545 0 0 0 0.0353982 0.115942 0 unknown 3/7
19.3532075.G.A 0 0 0 0 0 0 0 unknown 3/7
19.3543847.G.A 0 0 0 0 0.326087 0.5 0.6 unknown 3/7
19.3546298.G.A 0.5 0.466667 0 0.0421053 0 0 0 unknown 3/7
19.36216499.C.T 0.534188 0.432331 0 0.0557491 0 0 0 unknown 3/7
19.36243717.C.T 0.558824 0.612903 0 0 0 0 0 germline 2/7
19.36303753.C.G 0.553571 0.584906 0 0 0 0 0 germline 2/7
19.36430358.C.G 0 0 0.689655 0.53125 0.175 0 0 unknown 3/7
19.4171778.G.A 0 0 0.462069 0.41206 0.0896861 0 0 unknown 3/7
19.4280192.C.G 0 0 0.526786 0.373016 0.0718954 0 0 unknown 3/7
19.4318405.G.A 0 0 0 0 0 0.123077 0.135135 unknown 2/7
19.4682823.C.T 0.496124 0.448 0 0.0289855 0 0 0 unknown 3/7
19.5144366.C.T 0 0 0.509804 0.5 0.160714 0 0 unknown 3/7
19.55870069.G.C 0 0 0.478992 0.423841 0.0927835 0 0 unknown 3/7
19.56052327.G.A 0 0 0 0.328205 0 0 0 unknown 1/7
19.5694428.C.T 0.430556 0.41791 0 0.0333333 0 0 0 unknown 3/7
19.5776189.C.T 0 0.0555556 0.462963 0.472527 0.0985915 0 0 unknown 4/7
19.58862835.T.G 0 0.0545455 0.321429 0 0.101695 0 0 unknown 3/7
19.58907474.G.T 0 0.45 0 0 0 0 0 unknown 2/7
19.6681969.T.C 0 0 0.451613 0.487805 0.195652 0 0 unknown 3/7
19.746586.C.T 0.467949 0.430657 0 0.0466667 0 0 0 germline 3/7
19.7692672.T.G 0 0 0.121212 0 0.102564 0 0 unknown 2/7
19.861835.G.A 0 0 0 0 0.434783 0.563636 0.5 unknown 3/7
2.128030525.G.A 0.455556 0.365385 0 0.0337079 0 0 0 unknown 3/7
2.128381890.G.A 0.349515 0.362319 0 0.0480769 0 0 0 unknown 3/7
2.135920604.C.T 0.452632 0.488235 0 0.059633 0 0 0 germline 3/7
2.148674942.C.T 0.02 0 0 0 0 0.047619 0.128788 unknown 3/7
2.148676144.A.C 0 0 0.2 0 0 0 0.205128 unknown 2/7
2.153504387.C.G 0 0 0 0 0 0.179487 0.0693069 unknown 2/7
2.153533229.T.C 0.405229 0.378151 0 0.0373134 0 0 0 unknown 3/7
2.157184480.C.T 0 0.0597015 0.492308 0.391304 0.11828 0 0 unknown 4/7
2.165698509.C.T 0 0 0 0 0 0.183673 0 unknown 2/7
2.166514393.A.C 0.0652174 0 0 0.0697674 0 0 0 unknown 2/7
2.175265786.A.G 0 0 0.516854 0.373494 0.181818 0 0 unknown 3/7
2.179407660.A.G 0 0.0597015 0.502703 0.427835 0.133803 0 0 unknown 4/7
2.179486221.A.G 0.0494297 0 0 0 0 0.430851 0.385417 unknown 3/7
2.180308124.C.T 0 0 0 0 0 0.571429 0 unknown 2/7
2.180851455.C.G 0 0.0423729 0.517007 0.453416 0.122066 0 0 unknown 4/7
2.187692939.A.G 0 0 0.114754 0 0 0 0.0689655 unknown 2/7
2.207619742.C.T 0.5 0.415385 0 0.0666667 0 0 0 unknown 3/7
2.21247963.T.A 0 0.313725 0 0.0342466 0 0 0 unknown 2/7
2.212989479.G.T 0 0.353846 0 0.0434783 0 0 0 unknown 2/7
2.216243984.C.T 0 0 0 0 0 0.0520833 0.15534 unknown 2/7
2.219204600.A.C 0 0 0 0 0.0597015 0 0.0952381 unknown 2/7
2.219294099.C.T 0 0.0921986 0 0 0 0 0 unknown 1/7
2.219508064.G.A 0.426829 0.358696 0 0.0220588 0 0 0 unknown 3/7
2.220417593.G.T 0.5 0.538462 0 0.0925926 0 0 0 unknown 3/7
2.224463454.T.C 0.409594 0.507853 0 0.0507812 0 0 0 unknown 3/7
2.234713657.G.A 0 0 0 0 0 0 0.238095 unknown 1/7
2.236877171.G.C 0 0 0.107143 0 0 0 0.142857 unknown 2/7
2.241452305.C.A 0 0 0.514286 0.422819 0.0939227 0 0 unknown 3/7
2.241725829.G.A 0 0 0 0 0 0.272727 0.0652174 unknown 2/7
2.242066606.C.T 0.45 0.42623 0 0.0394737 0 0 0 unknown 3/7
2.242179129.A.C 0 0 0 0 0 0 0.047619 unknown 1/7
2.25965753.A.T 0 0 0 0 0.0867347 0 0 unknown 1/7
2.26410673.A.G 0.5 0.477612 0 0.0344828 0 0 0 unknown 3/7
2.39515291.C.T 0.0943396 0 0 0 0.257732 0.564516 0.383721 unknown 4/7
2.42990344.C.G 0.0555556 0 0.0961538 0 0.0326087 0 0 unknown 3/7
2.44099426.C.G 0.42246 0.5 0 0.0722222 0 0 0 unknown 3/7
2.44589182.G.A 0.363636 0.433333 0 0.107143 0 0 0 unknown 3/7
2.69009436.C.G 0 0.029703 0.443299 0.390476 0.107914 0 0 unknown 4/7
2.71215805.G.T 0.0568182 0 0 0 0.276423 0.530864 0.486842 unknown 4/7
2.73519208.C.T 0.392405 0.44186 0 0.0245902 0 0 0 unknown 3/7
2.74466639.C.T 0 0 0.487805 0.52459 0.114286 0 0 unknown 3/7
2.74641608.C.T 0.366412 0.57732 0 0.0405405 0 0 0 unknown 3/7
2.74756583.C.A 0.436893 0.54878 0 0.0693069 0 0 0 unknown 3/7
2.85629043.G.A 0.45 0.462963 0 0.0925926 0 0 0 unknown 3/7
20.18433277.T.G 0.1 0 0 0 0 0 0 unknown 1/7
20.18464194.G.C 0 0 0.142857 0 0 0 0 unknown 1/7
20.18477732.A.C 0 0 0.180556 0 0.0530303 0 0.0789474 unknown 3/7
20.3204192.G.A 0 0 0 0 0 0 0 unknown 2/7
20.3235905.G.C 0 0 0.451613 0.521127 0.121212 0 0 unknown 3/7
20.3268291.C.A 0.424779 0.52 0 0.0869565 0 0 0 germline 3/7
20.33609105.G.A 0.435484 0.48 0 0.0379747 0 0 0 unknown 3/7
20.3677438.C.G 0 0.285714 0 0 0 0 0 unknown 1/7
20.39990300.C.A 0.0491803 0 0 0 0.318681 0.615385 0.448276 unknown 4/7
20.42204913.A.C 0 0 0.084507 0 0 0 0 unknown 1/7
20.45355616.G.A 0.047619 0 0 0 0 0.0840336 0.1875 unknown 3/7
20.49508350.G.A 0 0.0147059 0.464706 0.404762 0.133333 0 0 unknown 4/7
20.50140429.C.A 0 0 0 0 0.448276 0.411765 0.413043 unknown 3/7
20.57767939.T.G 0 0 0 0 0 0 0.0535714 unknown 1/7
20.5986989.G.A 0 0 0.347826 0.45 0 0 0 unknown 2/7
20.60639883.T.C 0 0 0 0 0 0 0 unknown 3/7
20.60639898.C.A 0 0 0 0 0 0 0 unknown 1/7
20.61528197.T.G 0 0 0.133333 0.0241935 0.0378788 0 0.0681818 unknown 4/7
20.62198935.G.A 0.482759 0.540984 0 0.020979 0 0 0 unknown 3/7
21.35468028.C.T 0 0.021978 0.485075 0.34715 0.0930233 0 0 unknown 4/7
21.42622723.G.A 0.0471698 0 0 0 0.387931 0.571429 0.450704 unknown 4/7
21.42830479.C.A 0 0 0.555556 0.158537 0.0955882 0 0 unknown 3/7
21.42830554.C.G 0 0 0.532847 0.19708 0.103139 0 0 unknown 3/7
21.43169357.C.T 0 0 0.573171 0.425926 0.0743802 0 0 unknown 3/7
21.43510437.A.G 0.0677966 0 0 0 0.333333 0.658537 0.46875 unknown 4/7
21.43702479.G.A 0.381579 0.428571 0 0.0543478 0 0 0 unknown 3/7
21.47423713.C.G 0 0 0 0 0.410256 0.517857 0.55102 unknown 3/7
22.29196469.G.A 0 0 0.612245 0.459016 0.125 0 0 unknown 3/7
22.29456812.C.T 0.454545 0.5 0 0.047619 0 0 0 unknown 3/7
22.29754871.G.C 0 0 0.08 0 0.0230769 0 0 unknown 2/7
22.32111549.C.G 0.482759 0.442623 0 0.0433213 0 0 0 unknown 3/7
22.32257404.C.T 0.0609756 0 0 0 0.482353 0.454545 0.685714 germline 4/7
22.38343353.C.T 0 0 0.539474 0.513514 0.112903 0 0 unknown 3/7
22.47133984.C.T 0 0 0 0 0.243243 0 0 unknown 2/7
22.50279617.G.C 0 0 0 0 0.47561 0.548387 0.684211 unknown 3/7
22.50657603.A.T 0 0 0.34375 0.519231 0 0 0 germline 2/7
22.50956011.C.T 0 0.0481928 0.57971 0.414414 0.0866142 0 0 unknown 4/7
22.51169677.C.T 0 0 0 0 0 0.157895 0.148148 unknown 2/7
3.100373679.G.A 0 0 0 0 0.375 0.520833 0.407407 germline 3/7
3.101572635.T.G 0 0 0 0 0 0 0.0204082 unknown 1/7
3.102181200.C.A 0 0 0.0731707 0 0 0 0 unknown 1/7
3.107940997.T.G 0.444444 0.550459 0 0.103093 0 0 0 unknown 3/7
3.11068037.C.T 0 0 0 0 0 0.0634921 0.121951 unknown 2/7
3.113524266.G.C 0.0628571 0 0.097561 0 0.0159574 0 0.156716 unknown 4/7
3.121126215.T.C 0.357377 0.472441 0 0.0441176 0 0 0 unknown 3/7
3.130300683.C.T 0 0.025 0.485075 0.449438 0.109756 0 0 unknown 4/7
3.130698262.C.T 0 0.0425532 0.582278 0.427273 0.152542 0 0 unknown 4/7
3.134089549.C.G 0 0 0 0 0.4 0.44 0.363636 unknown 3/7
3.136047648.C.G 0.440678 0.358696 0 0.0285714 0 0 0 germline 3/7
3.13612051.G.A 0.378788 0.454545 0 0 0 0 0 unknown 2/7
3.142741445.G.A 0 0 0 0 0.266409 0 0 unknown 1/7
3.14552986.C.T 0 0 0 0 0.5 0 0 germline 3/7
3.14567003.G.A 0.436508 0.319672 0 0 0 0 0 unknown 2/7
3.158320667.G.C 0.372549 0.311111 0 0 0 0 0 unknown 2/7
3.16926544.T.G 0 0 0 0 0 0 0 unknown 1/7
3.17053119.A.G 0 0 0.475 0.382716 0.0833333 0 0 unknown 3/7
3.179123027.G.A 0 0.149533 0 0 0 0 0 unknown 1/7
3.182941941.T.G 0.390977 0.382353 0 0.0347826 0 0 0 unknown 3/7
3.183212035.A.G 0.444444 0.416 0 0.0550459 0 0 0 unknown 3/7
3.183543324.G.A 0 0 0 0 0 0 0 unknown 1/7
3.185798950.G.C 0 0.0555556 0.45 0.425532 0.0666667 0 0 unknown 4/7
3.190106074.G.C 0.378723 0.494186 0 0.0514286 0 0 0 unknown 3/7
3.192959257.A.G 0 0 0 0 0 0 0 unknown 1/7
3.25777564.G.T 0 0 0 0 0 0 0.126437 unknown 1/7
3.3095492.T.G 0 0 0.0895522 0 0 0 0.0491803 unknown 2/7
3.31743922.C.T 0 0.186335 0 0 0 0 0 unknown 1/7
3.38411616.C.A 0 0.0285714 0.443478 0.481283 0.111702 0 0 germline 4/7
3.38649691.T.C 0.373494 0.485294 0 0 0 0 0 unknown 2/7
3.42700177.C.T 0 0 0.44086 0.528846 0.0757576 0 0 unknown 3/7
3.43388969.C.T 0.45625 0.594444 0 0.0666667 0 0 0 unknown 3/7
3.44489747.G.C 0.0574713 0 0 0 0 0.391566 0.364865 unknown 3/7
3.45266715.T.G 0 0.103448 0 0.142857 0.153846 0 0 unknown 3/7
3.49365167.T.C 0.0763889 0 0 0 0 0.428571 0.452555 unknown 3/7
3.49570423.C.T 0 0.031746 0.52381 0.518797 0.153333 0 0 unknown 4/7
3.50225187.G.A 0.4 0.526882 0 0.0502283 0 0 0 unknown 3/7
3.50375431.T.G 0 0.0615385 0.177778 0.0833333 0 0.09375 0 unknown 5/7
3.51350317.C.T 0 0.301887 0 0 0 0 0 unknown 1/7
3.52547920.G.A 0 0.0261438 0.466667 0.374233 0.0923077 0 0 unknown 4/7
3.56658614.G.A 0 0 0.558442 0.459016 0.0916667 0 0 unknown 3/7
3.56667386.T.A 0 0 0 0 0.273092 0.0184332 0 unknown 2/7
3.85932564.A.G 0 0.0185185 0.485915 0.409639 0.105 0 0 unknown 4/7
3.8677017.G.A 0 0 0 0.324786 0 0 0 unknown 1/7
4.10503027.A.C 0.0136986 0 0 0 0 0.0666667 0.121951 unknown 3/7
4.107168372.T.G 0.0194175 0 0.0451128 0 0.0187793 0 0.0793651 unknown 4/7
4.107168386.T.G 0.0298507 0 0.0373134 0 0 0 0.04 unknown 3/7
4.113348782.C.T 0.40113 0.47619 0 0.025641 0 0 0 unknown 3/7
4.122723917.C.T 0.0390244 0 0 0 0.333333 0.489051 0.445255 unknown 4/7
4.123843727.T.C 0 0 0 0 0.313433 0.439024 0 unknown 3/7
4.13604056.A.G 0.405063 0.372881 0 0.0447761 0 0 0 unknown 3/7
4.166021951.A.G 0.376884 0.49697 0 0.0625 0 0 0 unknown 3/7
4.169183167.T.C 0.382979 0.525424 0 0.0534351 0 0 0 unknown 3/7
4.1720053.G.A 0.484127 0.390476 0 0.0333333 0 0 0 unknown 3/7
4.1729754.G.A 0.0351759 0 0 0 0.381148 0.49697 0.442308 unknown 4/7
4.1742617.C.A 0.0425532 0 0 0 0.298851 0.466667 0.5 unknown 4/7
4.188924231.A.C 0 0.0306122 0.561798 0.554455 0.130435 0 0 unknown 4/7
4.20541075.G.T 0 0 0 0 0.251142 0 0 unknown 1/7
4.20569156.G.A 0 0.0606061 0.438462 0.433566 0.0923077 0 0 unknown 4/7
4.2241844.A.C 0.388889 0.512987 0 0.0451977 0 0 0 unknown 3/7
4.2460911.T.G 0.445783 0.342466 0 0.0280374 0 0 0 unknown 3/7
4.25370704.C.T 0.406504 0.414894 0 0.0784314 0 0 0 unknown 3/7
4.41015823.G.T 0 0 0.462687 0.491124 0.103774 0 0 unknown 3/7
4.47538911.G.A 0 0.0172414 0.465608 0.397129 0.121849 0 0 unknown 4/7
4.48559517.G.T 0.0188679 0 0.0978261 0 0.0148515 0 0.11194 unknown 4/7
4.54966752.G.T 0.556962 0.393258 0 0.0595238 0 0 0 unknown 3/7
4.57976314.G.C 0 0 0.130435 0 0 0 0 unknown 1/7
4.62936411.C.A 0 0.0454545 0 0.358333 0 0 0 unknown 2/7
4.79295311.C.G 0 0 0.410714 0.534247 0.0588235 0 0 unknown 3/7
4.85611725.G.A 0 0 0.448819 0.52381 0.0725389 0 0 unknown 3/7
5.10227659.G.A 0 0.0515464 0.532468 0.445652 0.0679612 0 0 unknown 4/7
5.107716625.C.T 0 0 0 0.411765 0 0 0 unknown 2/7
5.109202610.T.C 0.383142 0.44206 0 0.0330579 0 0 0 unknown 3/7
5.131940536.G.T 0.365217 0.425926 0 0.0263158 0 0 0 germline 3/7
5.137424633.T.A 0 0 0 0 0 0.117647 0 unknown 1/7
5.150942917.G.T 0.53125 0.492754 0 0.057971 0 0 0 unknown 3/7
5.160886695.G.A 0 0.300493 0 0.0352423 0 0 0 unknown 2/7
5.171881298.A.C 0 0 0.08 0 0.0684932 0 0 unknown 2/7
5.180048897.G.A 0 0 0 0 0 0.0361446 0.12766 unknown 2/7
5.74400957.G.A 0 0.0245902 0.455556 0.377049 0.0851064 0 0 unknown 4/7
5.75757405.C.T 0.429752 0.35 0 0.0763359 0 0 0 unknown 3/7
5.82843891.C.G 0 0 0.483146 0.330709 0.0992908 0 0 unknown 3/7
5.94030818.G.T 0 0 0.0576923 0 0 0 0 unknown 1/7
5.98115642.G.T 0.0243902 0 0.05 0 0 0 0.0645161 unknown 3/7
6.106968010.C.T 0 0 0.514563 0.512 0.109589 0 0 unknown 3/7
6.109282818.T.C 0.459459 0.6 0 0 0 0 0 unknown 2/7
6.110679250.C.G 0 0 0.380952 0 0 0 0 unknown 2/7
6.119345630.G.A 0.406977 0.442857 0 0.0438247 0 0 0 unknown 3/7
6.124125367.T.G 0 0 0 0 0 0 0 unknown 1/7
6.125584051.T.C 0 0 0 0 0 0.0892857 0.0897436 unknown 2/7
6.129939908.T.C 0 0.0314465 0.445378 0.457317 0.106509 0 0 unknown 4/7
6.151670323.A.C 0 0 0 0 0.350877 0.402985 0.355932 unknown 3/7
6.18255971.A.C 0 0.0220588 0.516393 0.402985 0.109195 0 0 unknown 4/7
6.35479426.G.A 0 0.0483871 0.54 0.57377 0.0933333 0 0 unknown 4/7
6.36294370.C.A 0 0 0 0 0 0.186813 0.0740741 unknown 2/7
6.38825317.G.A 0 0 0 0 0.28 0.0176471 0 unknown 2/7
6.41774685.C.G 0 0 0 0 0 0 0.5 unknown 2/7
6.43250911.C.T 0.46875 0.388889 0 0.097561 0 0 0 unknown 3/7
6.49485251.C.A 0 0.236264 0 0.0291262 0 0 0 unknown 2/7
6.5086791.C.G 0 0 0.532258 0.471429 0.125 0 0 unknown 3/7
6.54001736.C.T 0 0.0305677 0.486842 0.412281 0.135417 0 0 germline 4/7
6.56382087.A.T 0.4 0.466667 0 0.0660377 0 0 0 unknown 3/7
6.71187020.A.C 0.0208333 0 0.173913 0 0 0 0.05 unknown 3/7
6.71235130.A.G 0.394309 0.381818 0 0.0601852 0 0 0 unknown 3/7
6.75953470.C.T 0 0.0215827 0.406593 0.417323 0.0779221 0 0 germline 4/7
6.83892687.C.A 0 0 0.0918367 0 0 0 0.0425532 unknown 2/7
6.87966748.G.A 0.0202429 0 0 0 0 0.229508 0.0967742 germline 3/7
6.87967565.C.T 0 0.0361991 0.447876 0.651786 0.0977444 0 0 unknown 4/7
6.99891524.C.A 0.5 0 0 0 0 0 0 germline 2/7
7.100371473.C.T 0.0243902 0 0 0 0.350993 0.43299 0.661017 unknown 4/7
7.100549967.C.T 0 0.0147059 0.295681 0.243697 0.0565657 0 0 unknown 4/7
7.100818024.G.A 0 0 0.414894 0.333333 0.0896552 0 0 unknown 3/7
7.105662884.C.T 0 0 0.41791 0.472527 0.0490196 0 0 unknown 3/7
7.128784904.C.G 0.378049 0.428571 0 0.0375 0 0 0 unknown 3/7
7.134718909.C.T 0.383459 0.395683 0 0.0785714 0 0 0 unknown 3/7
7.138258254.T.A 0 0.193182 0 0 0 0 0 unknown 1/7
7.149497505.C.T 0.117647 0 0 0 0 0.396226 0.47541 unknown 3/7
7.158621809.C.A 0 0 0 0 0.395349 0.628571 0 germline 3/7
7.158738339.G.A 0 0 0.580645 0.377778 0.0588235 0 0 unknown 3/7
7.20198700.G.T 0.0379747 0 0.232143 0 0.0406977 0 0.27 unknown 4/7
7.20823972.C.G 0 0 0 0 0 0 0 unknown 2/7
7.22202096.T.G 0 0.0341463 0.543103 0.455172 0.0914286 0 0 unknown 4/7
7.23651083.T.A 0 0.426724 0 0.0482456 0 0 0 unknown 2/7
7.331341.G.A 0.31746 0.513514 0 0.0597015 0 0 0 unknown 3/7
7.36465623.G.A 0 0 0 0 0 0 0.0681818 unknown 1/7
7.47408712.T.G 0 0 0.0214286 0 0 0 0.091954 unknown 2/7
7.50070741.C.T 0 0 0 0 0 0.135135 0.0833333 unknown 2/7
7.83739872.C.T 0 0.128205 0 0 0 0 0 unknown 1/7
7.92146787.T.C 0.39521 0.514286 0 0.0958084 0 0 0 unknown 3/7
7.94052290.C.T 0 0 0.424658 0.365591 0.0789474 0 0 germline 3/7
7.99631615.A.G 0.385135 0.524691 0 0.0327869 0 0 0 unknown 3/7
8.101273915.C.T 0 0 0.45098 0.419847 0.105263 0 0 unknown 3/7
8.104383964.C.G 0 0 0 0.5 0.136364 0 0 unknown 3/7
8.106811000.G.A 0 0.26 0 0 0 0 0 germline 1/7
8.12586476.C.T 0.383966 0.442396 0 0.0416667 0 0 0 unknown 3/7
8.142367905.C.T 0.0506329 0 0 0 0.395833 0.571429 0.568182 unknown 4/7
8.144671178.C.T 0 0 0.409091 0.5 0 0 0 unknown 2/7
8.144946563.C.T 0 0 0 0 0.453488 0.440678 0.4 unknown 3/7
8.145160604.C.T 0.410526 0.484536 0 0.0631579 0 0 0 unknown 3/7
8.145665792.G.C 0 0 0 0 0.212121 0 0 unknown 1/7
8.145739743.G.A 0.522472 0.48 0 0.038674 0 0 0 germline 3/7
8.22298937.C.T 0.5 0.611111 0 0.0714286 0 0 0 unknown 3/7
8.23540294.C.A 0.527273 0.25 0 0 0 0 0 unknown 2/7
8.27507230.G.A 0 0 0 0 0.489362 0.457143 0.190476 unknown 3/7
8.2832094.C.A 0.0756303 0 0 0 0 0.369863 0.629032 unknown 3/7
8.38147002.C.T 0 0.0315789 0.441441 0.490196 0.0932642 0 0 unknown 4/7
8.55538178.A.G 0.380208 0.533835 0 0.0465116 0 0 0 germline 3/7
8.59059109.C.G 0.0725806 0 0 0 0 0.268519 0.41791 unknown 3/7
8.6692985.G.A 0 0 0 0 0 0 0 unknown 2/7
8.70980475.A.G 0 0 0 0 0.22973 0 0 unknown 1/7
8.98289823.C.A 0.466667 0.454545 0 0.0632911 0 0 0 unknown 3/7
9.100845241.T.G 0.0277778 0 0 0 0 0.119048 0.117647 unknown 3/7
9.101558554.A.G 0 0 0 0 0 0 0 unknown 2/7
9.111624735.C.T 0.428571 0.436893 0 0.0451128 0 0 0 unknown 3/7
9.116172389.G.A 0 0 0.416667 0.431818 0.0784314 0 0 unknown 3/7
9.117110115.T.G 0 0 0 0 0.0677966 0 0 unknown 2/7
9.125148995.G.A 0 0 0.487179 0.525424 0.0847458 0 0 unknown 3/7
9.12694204.G.A 0 0 0.513514 0.493151 0.125714 0 0 germline 3/7
9.130477453.G.A 0.446429 0.5 0 0 0 0 0 unknown 2/7
9.13140049.G.C 0.0318725 0 0 0 0 0.103825 0.325153 unknown 3/7
9.131586408.G.C 0 0.235294 0 0.0434783 0 0 0 unknown 2/7
9.132689547.C.T 0 0.0385965 0.497797 0.458333 0.103226 0 0 unknown 4/7
9.133269389.G.A 0 0 0 0 0.318182 0 0 unknown 2/7
9.133760007.G.A 0 0 0 0 0.378698 0.285714 0.25 unknown 3/7
9.134019995.A.T 0.401786 0.434783 0 0.0642857 0 0 0 unknown 3/7
9.135781077.T.G 0.457143 0.486111 0 0 0 0 0 unknown 2/7
9.138518015.C.G 0 0 0.291667 0 0.0666667 0 0.227273 unknown 3/7
9.138710440.C.A 0.454545 0.455696 0 0.0714286 0 0 0 unknown 3/7
9.140115394.T.G 0.0652174 0 0 0 0 0 0 unknown 1/7
9.214547.T.C 0 0 0.436782 0.475806 0.0884354 0 0 unknown 3/7
9.27359160.C.T 0.395122 0.475248 0 0.056338 0 0 0 unknown 3/7
9.72091034.G.A 0.494253 0.479167 0 0.0344828 0 0 0 unknown 3/7
9.72131098.G.A 0 0.331169 0 0.0294118 0 0 0 unknown 2/7
9.73028138.C.G 0 0 0.37037 0.43662 0.0633803 0 0 unknown 3/7
9.78855599.G.A 0.385965 0.467213 0 0.0529801 0 0 0 unknown 3/7
9.90313638.T.G 0 0 0.444444 0.461538 0.0694444 0 0 unknown 3/7
X.107938612.A.G 0 0 1 0.809524 0.208955 0 0 unknown 3/7
X.110980066.T.C 0 0.0408163 1 0.907407 0.241379 0 0 unknown 4/7
X.129189954.T.G 0.0681818 0 0.111111 0 0.0526316 0 0 unknown 3/7
X.135814271.T.C 0 0.64 0 0 0 0 0 unknown 1/7
X.139038502.G.T 0.0243902 0 0.0641026 0 0 0 0.0533333 unknown 3/7
X.139038514.T.G 0 0 0 0 0 0 0.0449438 unknown 1/7
X.154185289.T.C 0 0 0 0.564103 0 0 0 unknown 1/7
