mutationID CAP001-Nb-K CAP001-Td1c-K CAP002-Nb CAP002-Td1b-K CAP003-Nb-K CAP003-Td1a CAP003-Td1b
1.103468336.A.C 38 30 30 26 46 27 50
1.10510320.G.A 52 60 56 72 89 44 38
1.109391557.G.A 112 93 74 83 108 75 86
1.109428144.G.C 102 89 63 73 107 60 94
1.109477466.G.T 83 88 60 117 106 66 46
1.110033736.G.A 129 128 104 144 157 90 50
1.111061240.G.C 114 87 100 120 146 82 53
1.111147212.G.A 130 105 120 161 154 84 76
1.111783982.C.T 96 62 60 58 88 67 54
1.115576752.G.T 317 210 205 287 302 215 271
1.117509538.G.A 94 86 66 91 91 76 56
1.118501941.T.G 112 83 55 90 98 71 54
1.150255861.A.G 143 119 128 130 161 111 92
1.151811136.C.A 17 18 7 13 14 6 6
1.156948078.C.G 68 45 52 73 75 45 54
1.165397996.G.A 76 78 56 73 88 51 37
1.173934005.T.G 107 90 57 81 110 72 73
1.175375581.C.A 212 183 174 221 277 190 113
1.177902729.C.T 129 93 87 129 130 101 74
1.180243702.T.G 111 73 82 83 108 78 67
1.181762863.G.T 58 47 37 55 55 34 43
1.186052030.T.G 62 42 41 51 51 38 37
1.18704810.A.G 90 91 95 107 156 77 63
1.201016674.G.C 59 48 57 64 111 56 36
1.203024616.G.A 182 184 150 196 243 140 96
1.204409325.C.T 108 107 73 114 148 86 77
1.204944474.T.G 42 49 31 59 44 40 26
1.206821140.T.G 166 183 137 188 191 161 139
1.207196437.C.T 169 170 169 223 238 155 78
1.208062520.A.G 134 134 115 146 166 126 111
1.208272313.A.C 14 10 9 11 22 14 6
1.209799220.A.C 73 85 66 82 114 62 34
1.214170884.C.T 270 202 239 259 306 211 168
1.215960153.A.C 70 45 35 75 74 72 41
1.228494145.G.A 68 78 61 77 88 62 30
1.228554107.G.A 69 60 49 98 79 43 27
1.22920114.G.C 72 77 67 95 92 62 32
1.233464070.C.T 23 24 16 13 18 12 2
1.233515122.A.C 105 87 74 110 131 84 70
1.235969091.A.T 124 95 78 90 127 88 119
1.236702374.G.C 41 38 21 24 42 34 38
1.242020734.C.A 54 52 31 50 56 59 30
1.248004660.T.G 152 138 110 143 147 98 87
1.248845546.C.T 92 81 84 80 113 83 89
1.26670418.C.T 89 73 67 91 83 69 49
1.33959027.A.G 225 215 178 221 247 169 147
1.34076807.G.A 74 40 53 62 75 56 33
1.34667784.A.C 158 125 114 147 180 128 76
1.36550551.G.A 60 51 51 64 85 54 24
1.38411515.T.A 134 134 96 131 169 106 94
1.41847684.C.T 25 30 37 27 66 32 8
1.46105938.C.T 159 111 112 127 172 125 124
1.46654599.C.A 44 45 36 35 56 21 35
1.46751578.T.G 90 66 69 89 115 64 49
1.47903920.A.G 14 13 12 11 15 9 2
1.51767304.G.C 142 116 104 129 164 115 92
1.63021560.A.G 142 100 122 129 152 104 150
1.63021561.A.C 142 101 121 130 151 103 151
1.65325803.C.A 45 57 44 72 73 54 36
1.6676906.T.A 89 72 62 97 91 66 61
1.70504607.C.A 214 180 153 187 190 158 189
1.78407781.G.T 109 93 81 105 115 99 104
1.8420219.C.T 45 30 35 29 53 29 11
1.86591209.C.T 262 182 201 252 266 219 211
1.9074819.C.G 76 61 57 73 85 43 27
1.92595285.T.C 157 112 109 115 164 100 135
10.100150807.G.T 36 43 36 34 49 38 23
10.103577640.C.T 18 21 14 26 24 9 6
10.112540622.A.C 146 152 108 163 171 119 46
10.115917403.G.A 39 29 30 29 34 36 26
10.120354513.C.T 145 120 101 153 158 100 44
10.134218580.C.T 20 41 12 25 21 18 8
10.13699338.T.G 63 74 47 73 88 50 16
10.35858000.G.A 64 67 35 94 81 58 61
10.70968547.A.G 159 149 117 177 182 133 105
10.74999101.T.G 133 112 90 113 154 111 125
10.75000739.G.A 92 121 84 89 125 83 85
10.91359197.G.A 245 239 216 245 286 207 174
10.94821967.C.G 14 37 8 29 31 12 1
10.95660823.C.T 312 263 231 300 318 224 222
10.98778796.T.G 34 50 34 42 57 20 18
11.106647209.C.G 95 71 56 79 98 55 61
11.11398891.C.T 45 27 32 30 45 32 23
11.118773382.G.A 64 65 50 62 74 71 31
11.119050423.C.T 144 139 81 131 136 97 65
11.12225829.G.T 27 32 12 36 38 34 8
11.123754027.T.C 59 58 49 62 93 61 52
11.126146290.T.G 34 19 17 39 30 20 21
11.130029880.G.A 29 37 28 24 36 24 7
11.1856656.G.A 67 55 46 71 77 60 38
11.19955509.C.T 140 146 118 109 161 82 65
11.20628574.T.C 116 97 88 103 122 97 69
11.22881931.C.T 196 148 182 226 260 174 141
11.26718732.C.A 114 139 92 109 130 72 82
11.33079492.C.T 62 74 54 58 77 61 49
11.33565450.A.G 302 231 205 268 330 223 187
11.45986887.G.T 53 32 18 50 57 43 18
11.46806082.T.C 214 222 173 241 295 183 230
11.544753.T.C 105 92 87 85 110 67 45
11.8284888.C.T 45 48 37 52 59 53 10
12.105546171.A.C 245 273 189 247 280 185 225
12.107937782.C.A 119 112 79 130 142 91 67
12.112688167.A.C 50 41 29 52 59 49 25
12.120518807.C.T 78 80 67 91 96 62 99
12.122812693.G.T 153 143 108 174 180 139 71
12.122812697.C.T 141 131 105 170 164 130 75
12.122812704.C.T 130 126 117 165 161 124 89
12.122845695.G.A 136 122 70 124 149 92 62
12.122845698.C.A 146 111 80 118 147 87 70
12.129181906.C.G 66 40 48 54 71 53 26
12.132635555.G.A 92 96 79 100 108 68 54
12.133158347.A.G 86 92 60 97 92 63 38
12.21448726.C.A 80 61 44 65 59 59 82
12.21733429.T.C 148 146 128 160 183 111 109
12.22199265.A.T 28 35 31 41 53 24 7
12.40499329.C.T 69 86 74 78 99 60 24
12.4461695.A.C 247 163 131 223 270 162 137
12.50029634.C.T 38 45 41 45 50 33 14
12.50344816.A.C 130 117 62 110 117 74 43
12.50747858.C.A 203 178 143 252 252 157 101
12.53647177.T.G 98 124 108 137 176 109 53
12.53702590.A.G 135 157 95 152 174 91 78
12.56398295.T.G 93 77 48 82 114 65 32
12.58202222.T.C 126 102 112 133 157 95 82
12.59279657.A.C 133 130 108 114 157 99 152
12.64536195.A.C 128 139 89 135 156 96 78
12.67698883.G.A 62 54 41 52 46 43 29
12.71095080.G.A 116 96 75 91 120 93 101
12.97114295.G.A 36 30 32 28 47 23 21
12.99106197.A.G 90 83 61 76 82 57 73
12.9913396.G.A 219 211 201 218 237 157 255
13.103393536.C.T 170 187 129 155 151 138 109
13.110437802.A.C 108 126 79 114 155 71 28
13.110847382.T.A 120 127 106 120 171 89 87
13.113863980.G.A 15 24 23 23 29 14 4
13.20763164.G.A 241 181 168 221 245 159 169
13.21751129.G.C 125 126 107 145 200 105 45
13.37012866.T.G 50 44 21 59 53 45 35
13.39586969.G.T 80 80 67 86 115 55 42
13.46942949.A.C 125 115 74 126 132 77 78
13.49281344.G.A 302 229 216 281 288 209 164
13.50279772.T.C 269 217 194 256 281 176 177
13.52345607.T.C 109 72 83 98 98 64 37
13.73321164.T.C 146 120 102 122 165 92 124
13.74387346.A.G 160 123 89 127 156 121 97
13.98652834.G.T 163 112 70 123 149 94 69
14.102973699.G.A 19 26 20 21 25 15 7
14.104643473.A.G 54 77 76 62 94 49 34
14.104643946.G.A 41 40 41 55 58 22 16
14.24026418.T.C 85 81 91 93 127 77 58
14.24898103.C.T 55 62 61 63 75 54 19
14.34270056.C.T 155 166 123 197 187 133 81
14.39601190.G.T 50 46 14 35 44 34 27
14.39901118.C.A 92 128 90 102 119 70 17
14.45716333.A.C 125 83 74 89 101 82 72
14.52781266.C.T 53 69 66 56 89 53 24
14.53529684.A.G 278 236 172 253 318 237 235
14.65270332.C.T 54 54 25 48 60 35 29
14.72176130.A.G 103 116 87 133 128 85 60
14.74969593.G.A 13 16 28 30 31 19 10
14.75264431.A.G 145 116 91 129 174 105 86
14.75514686.G.A 255 205 173 220 256 148 195
14.77786800.G.C 81 80 85 82 118 65 26
14.94046664.A.G 94 96 92 97 148 57 88
14.94546016.C.T 314 231 190 280 301 186 191
15.35202420.T.C 197 160 126 182 206 148 142
15.49882059.A.G 70 49 70 73 92 44 68
15.53994436.G.T 171 163 136 158 178 120 152
15.59064289.C.A 157 139 136 175 215 139 88
15.65370294.G.C 164 86 144 193 230 160 48
15.67073365.C.T 80 60 64 101 117 81 43
15.68521889.C.T 21 18 14 23 14 15 4
15.81666418.T.C 91 71 60 86 91 59 45
15.89002932.T.G 94 73 63 97 97 85 64
16.12009287.T.G 23 36 28 36 42 27 4
16.1272760.C.T 31 25 28 23 29 20 24
16.14041701.C.T 207 167 128 197 194 140 109
16.2143830.G.A 58 74 66 80 95 48 23
16.2548270.A.G 73 87 53 95 91 54 54
16.3139290.G.C 61 79 52 87 93 56 22
16.3168942.C.A 92 87 60 68 84 47 32
16.335158.G.A 103 110 78 114 96 100 33
16.418533.C.T 78 99 69 128 108 75 44
16.4659850.T.G 43 44 39 34 42 24 10
16.476096.A.G 0 4 0 1 0 1 0
16.57937856.G.T 37 57 31 55 51 44 12
16.66620929.G.A 63 61 49 60 81 57 53
16.67314684.G.A 88 91 56 76 100 53 32
16.68269832.A.C 68 68 52 55 74 44 11
16.68344437.C.T 79 75 55 72 86 55 23
16.72830541.G.A 151 55 129 134 171 99 56
16.72831664.A.C 91 24 52 71 88 37 33
16.74640819.C.T 78 52 51 90 98 63 12
16.74664732.A.G 97 77 98 108 132 68 51
16.81173233.G.A 70 45 51 70 88 37 29
16.81190482.G.A 116 71 92 124 122 64 60
16.83933089.C.T 50 61 49 59 94 37 9
16.840633.A.C 25 37 31 41 39 28 16
16.85942643.A.C 117 74 88 129 146 69 38
16.88722530.G.A 36 30 27 31 53 22 11
16.89763741.C.G 26 18 23 20 35 12 8
17.15207442.G.T 88 58 67 96 83 54 53
17.2202765.C.T 152 120 84 129 161 118 98
17.2203016.T.C 217 141 144 185 220 169 132
17.2265496.A.T 80 80 75 79 81 67 44
17.48227459.T.G 17 23 10 29 24 20 0
17.55184422.A.C 103 74 87 102 152 79 65
17.56565168.G.A 18 29 8 23 25 13 7
17.57058142.A.G 184 151 121 167 196 126 141
17.57126622.C.T 120 83 69 93 109 87 85
17.62131691.G.A 161 116 119 159 171 106 106
17.62248511.C.T 186 113 113 131 153 127 129
17.66925812.T.C 179 182 117 152 187 120 238
17.72954828.C.T 72 64 71 87 119 69 51
17.73616628.C.T 79 89 68 88 118 71 41
17.73620030.G.C 94 88 70 107 126 67 58
17.79496355.C.T 122 76 87 111 119 86 56
17.79981535.C.G 18 16 8 11 18 10 4
17.80009586.C.T 1 8 9 14 10 7 1
17.80442721.G.A 154 125 109 138 157 118 75
17.8926467.C.G 166 150 92 157 175 86 56
18.2796057.G.A 123 90 72 89 107 81 125
18.28914024.C.T 72 56 37 44 59 37 63
18.2906950.G.A 8 12 9 6 18 4 1
18.31801987.G.A 56 68 50 56 73 50 51
18.34298339.A.C 14 31 19 29 32 17 6
18.34647322.G.T 265 245 160 260 298 188 150
18.34647323.T.G 262 244 158 263 297 184 153
18.46447801.T.G 43 48 31 44 55 25 17
18.47563310.T.C 157 154 134 155 186 148 125
18.67741143.G.T 176 145 139 167 200 146 172
18.67872876.T.C 186 173 145 171 232 153 78
18.6966227.C.T 97 88 73 84 90 73 75
18.77623926.G.A 67 76 55 91 88 60 27
19.10221714.G.A 169 169 126 183 217 148 71
19.10221715.T.C 170 169 125 183 218 146 71
19.10692029.C.G 150 146 79 150 131 107 54
19.10747349.G.C 109 116 91 123 156 106 69
19.10812162.C.T 57 60 47 70 70 59 29
19.10935797.T.G 60 63 35 63 67 53 45
19.11222242.G.A 108 134 83 100 119 82 61
19.11651944.G.T 80 64 48 64 87 59 36
19.12763187.T.A 114 91 74 128 135 82 75
19.12817040.G.A 119 104 66 126 143 92 58
19.1430261.G.C 35 34 26 38 43 18 12
19.17256257.G.A 162 185 155 173 215 142 130
19.17397266.C.A 36 40 23 35 36 29 18
19.17405259.G.C 86 100 72 114 113 80 65
19.17598303.C.T 20 21 18 18 24 11 18
19.17844129.C.T 29 34 30 42 45 28 16
19.1795937.C.T 152 125 106 151 180 104 92
19.1828229.T.C 58 86 47 69 81 55 24
19.18377925.T.C 276 260 196 294 302 241 163
19.30020859.C.T 73 97 66 89 103 66 29
19.30106188.C.T 91 124 71 90 110 68 62
19.3449068.T.C 88 89 60 85 113 69 63
19.3532075.G.A 17 16 11 10 19 15 6
19.3543847.G.A 50 55 23 45 46 38 20
19.3546298.G.A 72 90 66 95 98 62 34
19.36216499.C.T 234 266 195 287 303 197 103
19.36243717.C.T 34 31 32 30 48 32 23
19.36303753.C.G 56 53 42 55 60 35 34
19.36430358.C.G 25 24 29 32 40 19 11
19.4171778.G.A 207 201 145 199 223 122 97
19.4280192.C.G 120 151 112 126 153 103 61
19.4318405.G.A 66 74 58 80 89 65 37
19.4682823.C.T 129 125 83 138 142 92 78
19.5144366.C.T 49 64 51 56 56 37 35
19.55870069.G.C 175 167 119 151 194 127 92
19.56052327.G.A 164 182 147 195 225 125 89
19.5694428.C.T 144 134 107 150 164 122 77
19.5776189.C.T 71 72 54 91 71 60 56
19.58862835.T.G 41 55 28 62 59 38 25
19.58907474.G.T 11 20 19 25 29 16 7
19.6681969.T.C 35 31 31 41 46 34 30
19.746586.C.T 156 137 109 150 192 120 83
19.7692672.T.G 28 28 33 38 39 20 23
19.861835.G.A 57 73 52 81 92 55 28
2.128030525.G.A 90 52 58 89 90 53 84
2.128381890.G.A 103 69 86 104 131 72 58
2.135920604.C.T 190 170 160 218 256 152 117
2.148674942.C.T 150 131 114 122 167 105 132
2.148676144.A.C 83 72 30 56 75 46 39
2.153504387.C.G 160 97 114 145 168 117 101
2.153533229.T.C 153 119 119 134 182 103 91
2.157184480.C.T 72 67 65 69 93 62 36
2.165698509.C.T 53 45 41 56 72 49 16
2.166514393.A.C 46 28 26 43 35 23 25
2.175265786.A.G 98 78 89 83 110 66 62
2.179407660.A.G 252 134 185 194 284 172 185
2.179486221.A.G 263 154 211 249 282 188 192
2.180308124.C.T 29 14 23 22 40 21 13
2.180851455.C.G 231 118 147 161 213 142 235
2.187692939.A.G 90 74 61 99 103 74 87
2.207619742.C.T 66 65 62 60 95 71 58
2.21247963.T.A 156 102 103 146 131 95 87
2.212989479.G.T 64 65 63 69 86 39 53
2.216243984.C.T 138 132 116 141 147 96 103
2.219204600.A.C 65 48 50 64 67 49 42
2.219294099.C.T 173 141 136 174 199 139 107
2.219508064.G.A 82 92 66 136 128 92 39
2.220417593.G.T 40 52 52 54 60 39 17
2.224463454.T.C 271 191 227 256 299 229 261
2.234713657.G.A 41 42 33 43 57 40 21
2.236877171.G.C 64 52 56 100 96 50 28
2.241452305.C.A 144 113 105 149 181 85 72
2.241725829.G.A 70 76 59 79 96 66 46
2.242066606.C.T 140 122 99 152 166 102 69
2.242179129.A.C 140 141 115 128 133 75 63
2.25965753.A.T 175 158 135 183 196 149 110
2.26410673.A.G 68 67 63 87 92 53 26
2.39515291.C.T 106 83 83 79 97 62 86
2.42990344.C.G 72 53 52 66 92 54 28
2.44099426.C.G 187 154 147 180 215 140 127
2.44589182.G.A 22 30 23 28 38 18 11
2.69009436.C.G 124 101 97 105 139 87 100
2.71215805.G.T 88 77 88 102 123 81 76
2.73519208.C.T 79 86 64 122 124 69 51
2.74466639.C.T 70 51 41 61 70 54 41
2.74641608.C.T 131 97 97 148 159 122 61
2.74756583.C.A 103 82 88 101 135 87 36
2.85629043.G.A 120 108 83 108 153 86 54
20.18433277.T.G 30 25 20 34 36 32 36
20.18464194.G.C 33 22 21 21 37 24 10
20.18477732.A.C 86 87 72 86 132 68 38
20.3204192.G.A 12 17 11 17 20 8 6
20.3235905.G.C 65 67 62 71 66 50 45
20.3268291.C.A 113 100 94 115 130 93 96
20.33609105.G.A 62 75 68 79 94 47 49
20.3677438.C.G 70 70 50 69 62 32 29
20.39990300.C.A 61 61 70 81 91 52 29
20.42204913.A.C 102 104 71 123 151 73 27
20.45355616.G.A 189 153 133 186 214 119 128
20.49508350.G.A 217 204 170 210 225 136 155
20.50140429.C.A 107 112 87 108 116 68 46
20.57767939.T.G 87 83 69 88 115 74 56
20.5986989.G.A 16 26 23 20 31 11 4
20.60639883.T.C 1 4 3 4 2 2 1
20.60639898.C.A 0 1 2 4 2 2 0
20.61528197.T.G 105 98 90 124 132 84 44
20.62198935.G.A 145 122 97 143 149 109 56
21.35468028.C.T 181 182 134 193 172 156 121
21.42622723.G.A 106 88 84 77 116 70 71
21.42830479.C.A 96 99 90 82 136 71 50
21.42830554.C.G 166 168 137 137 223 123 69
21.43169357.C.T 116 107 82 108 121 91 63
21.43510437.A.G 59 61 52 61 63 41 32
21.43702479.G.A 76 63 81 92 88 73 47
21.47423713.C.G 139 125 108 152 156 112 49
22.29196469.G.A 39 45 49 61 56 25 5
22.29456812.C.T 44 54 39 63 61 33 37
22.29754871.G.C 99 96 75 130 130 93 45
22.32111549.C.G 261 244 205 277 291 174 153
22.32257404.C.T 82 77 59 87 85 66 35
22.38343353.C.T 121 82 76 111 124 91 59
22.47133984.C.T 23 18 36 28 37 18 3
22.50279617.G.C 147 78 107 180 164 93 38
22.50657603.A.T 47 36 32 52 55 32 23
22.50956011.C.T 113 83 69 111 127 76 38
22.51169677.C.T 86 68 70 90 96 57 27
3.100373679.G.A 51 63 49 47 64 48 27
3.101572635.T.G 201 167 137 204 198 153 147
3.102181200.C.A 70 54 41 38 62 36 41
3.107940997.T.G 90 109 56 97 123 60 38
3.11068037.C.T 75 75 79 92 87 63 41
3.113524266.G.C 175 156 123 155 188 108 134
3.121126215.T.C 305 254 190 272 327 224 282
3.130300683.C.T 222 160 134 178 164 147 213
3.130698262.C.T 104 94 79 110 118 97 78
3.134089549.C.G 49 45 36 58 60 25 22
3.136047648.C.G 118 92 86 105 133 87 89
3.13612051.G.A 66 77 55 84 85 56 18
3.142741445.G.A 259 255 167 211 259 149 202
3.14552986.C.T 30 34 29 42 32 14 10
3.14567003.G.A 126 122 121 129 180 102 67
3.158320667.G.C 51 45 30 32 39 33 39
3.16926544.T.G 1 1 1 3 0 2 0
3.17053119.A.G 165 184 120 162 204 164 139
3.179123027.G.A 115 107 83 100 106 58 87
3.182941941.T.G 133 102 109 115 126 98 153
3.183212035.A.G 135 125 97 109 141 96 109
3.183543324.G.A 5 14 6 5 7 4 3
3.185798950.G.C 54 54 40 47 75 52 44
3.190106074.G.C 235 172 176 175 215 162 150
3.192959257.A.G 0 1 4 2 3 3 0
3.25777564.G.T 155 170 110 153 187 112 87
3.3095492.T.G 96 69 67 86 115 78 61
3.31743922.C.T 183 161 153 187 221 132 187
3.38411616.C.A 148 140 115 187 188 126 103
3.38649691.T.C 83 68 78 74 90 69 62
3.42700177.C.T 89 99 93 104 132 73 35
3.43388969.C.T 160 180 153 180 207 125 81
3.44489747.G.C 174 160 140 180 246 166 148
3.45266715.T.G 17 29 18 28 26 14 4
3.49365167.T.C 144 109 96 120 142 91 137
3.49570423.C.T 123 126 105 133 150 84 74
3.50225187.G.A 165 186 141 219 222 106 77
3.50375431.T.G 51 65 45 48 61 32 9
3.51350317.C.T 116 106 106 130 133 74 68
3.52547920.G.A 166 153 120 163 195 104 72
3.56658614.G.A 125 131 77 122 120 103 101
3.56667386.T.A 275 221 168 255 249 217 219
3.85932564.A.G 206 162 142 166 200 138 169
3.8677017.G.A 130 108 91 117 117 93 89
4.10503027.A.C 219 165 144 200 228 165 164
4.107168372.T.G 206 153 133 164 213 153 189
4.107168386.T.G 201 137 134 144 187 133 200
4.113348782.C.T 177 126 144 156 179 141 134
4.122723917.C.T 205 155 181 195 222 137 137
4.123843727.T.C 48 55 43 57 67 41 15
4.13604056.A.G 158 118 110 134 182 120 125
4.166021951.A.G 199 165 149 208 204 159 160
4.169183167.T.C 141 118 107 131 156 106 151
4.1720053.G.A 126 105 123 150 166 99 55
4.1729754.G.A 199 169 193 197 244 165 104
4.1742617.C.A 94 67 74 88 87 45 58
4.188924231.A.C 105 98 89 101 115 88 80
4.20541075.G.T 264 187 180 209 219 170 286
4.20569156.G.A 171 132 130 143 195 136 138
4.2241844.A.C 216 154 151 177 212 143 204
4.2460911.T.G 83 73 90 107 121 61 30
4.25370704.C.T 123 94 96 102 122 88 105
4.41015823.G.T 181 136 134 169 212 150 89
4.47538911.G.A 237 174 189 209 238 184 200
4.48559517.G.T 212 136 92 112 202 154 134
4.54966752.G.T 79 89 50 84 93 47 21
4.57976314.G.C 24 20 23 31 35 24 3
4.62936411.C.A 110 110 110 120 147 93 72
4.79295311.C.G 60 50 56 73 85 54 47
4.85611725.G.A 198 130 127 147 193 131 102
5.10227659.G.A 108 97 77 92 103 69 67
5.107716625.C.T 18 39 16 34 32 30 4
5.109202610.T.C 261 233 208 242 312 194 214
5.131940536.G.T 115 108 92 114 143 90 112
5.137424633.T.A 46 42 29 43 44 34 30
5.150942917.G.T 64 69 52 69 78 52 41
5.160886695.G.A 231 203 171 227 257 190 182
5.171881298.A.C 44 70 50 60 73 35 7
5.180048897.G.A 92 97 90 99 112 83 47
5.74400957.G.A 155 122 90 122 141 92 65
5.75757405.C.T 121 100 89 131 121 103 92
5.82843891.C.G 121 117 89 127 141 116 124
5.94030818.G.T 107 135 52 120 131 101 49
5.98115642.G.T 123 113 80 129 149 104 93
6.106968010.C.T 126 83 103 125 146 104 63
6.109282818.T.C 37 20 30 34 58 27 32
6.110679250.C.G 6 14 21 18 37 9 2
6.119345630.G.A 258 210 199 251 275 198 175
6.124125367.T.G 34 32 18 53 57 44 18
6.125584051.T.C 133 152 119 152 169 112 78
6.129939908.T.C 166 159 119 164 169 118 129
6.151670323.A.C 91 113 76 94 114 67 59
6.18255971.A.C 183 136 122 134 174 122 151
6.35479426.G.A 67 62 50 61 75 58 35
6.36294370.C.A 113 108 96 132 139 91 81
6.38825317.G.A 212 215 132 176 225 170 162
6.41774685.C.G 37 37 19 41 46 26 28
6.43250911.C.T 32 36 27 41 45 26 19
6.49485251.C.A 226 182 195 206 230 161 252
6.5086791.C.G 75 91 62 70 80 45 26
6.54001736.C.T 247 229 228 228 288 199 165
6.56382087.A.T 120 90 83 106 135 96 93
6.71187020.A.C 144 140 69 134 141 128 80
6.71235130.A.G 246 220 196 216 273 215 254
6.75953470.C.T 127 139 91 127 154 100 86
6.83892687.C.A 197 130 98 125 195 118 94
6.87966748.G.A 247 166 205 164 304 183 155
6.87967565.C.T 354 221 259 224 399 232 221
6.99891524.C.A 42 15 27 21 40 26 35
7.100371473.C.T 123 144 84 120 151 97 59
7.100549967.C.T 439 408 301 476 495 334 306
7.100818024.G.A 100 156 94 126 145 103 86
7.105662884.C.T 87 85 67 91 102 74 74
7.128784904.C.G 82 91 72 80 90 63 19
7.134718909.C.T 133 139 81 140 154 100 95
7.138258254.T.A 99 88 73 81 98 60 59
7.149497505.C.T 68 94 72 91 104 53 61
7.158621809.C.A 39 32 29 47 43 35 9
7.158738339.G.A 40 50 31 45 51 38 15
7.20198700.G.T 158 195 112 190 172 151 100
7.20823972.C.G 9 23 10 18 19 13 4
7.22202096.T.G 202 205 116 145 175 140 178
7.23651083.T.A 250 232 149 228 242 176 228
7.331341.G.A 126 111 107 134 160 89 87
7.36465623.G.A 40 36 24 27 37 25 44
7.47408712.T.G 221 207 140 203 233 183 87
7.50070741.C.T 60 55 38 45 61 37 48
7.83739872.C.T 215 195 157 174 246 165 208
7.92146787.T.C 167 175 120 167 183 131 142
7.94052290.C.T 117 109 73 93 114 79 95
7.99631615.A.G 148 162 97 122 153 120 95
8.101273915.C.T 163 142 102 131 133 126 147
8.104383964.C.G 9 23 17 20 22 14 2
8.106811000.G.A 65 50 44 63 69 64 39
8.12586476.C.T 237 217 191 240 319 163 181
8.142367905.C.T 79 88 74 81 96 91 44
8.144671178.C.T 23 24 22 32 18 26 6
8.144946563.C.T 67 65 40 52 86 59 30
8.145160604.C.T 95 97 91 95 118 91 85
8.145665792.G.C 51 51 44 54 66 52 28
8.145739743.G.A 178 150 132 181 206 157 91
8.22298937.C.T 34 54 53 56 71 34 17
8.23540294.C.A 55 48 47 68 72 39 6
8.27507230.G.A 51 22 28 55 47 35 21
8.2832094.C.A 119 100 86 106 124 73 62
8.38147002.C.T 176 95 111 153 193 137 82
8.55538178.A.G 192 133 134 172 179 152 214
8.59059109.C.G 124 155 112 159 161 108 67
8.6692985.G.A 17 18 11 16 23 13 4
8.70980475.A.G 132 116 87 122 148 106 96
8.98289823.C.A 75 99 68 79 117 88 14
9.100845241.T.G 180 152 99 139 164 126 119
9.101558554.A.G 22 17 11 17 19 16 4
9.111624735.C.T 112 103 102 133 143 79 75
9.116172389.G.A 27 42 24 44 51 29 16
9.117110115.T.G 40 49 17 48 59 39 12
9.125148995.G.A 46 54 39 59 59 41 22
9.12694204.G.A 144 131 111 146 175 119 93
9.130477453.G.A 56 68 46 68 70 40 15
9.13140049.G.C 251 242 203 229 249 183 163
9.131586408.G.C 79 85 39 69 74 59 39
9.132689547.C.T 361 285 227 312 310 262 357
9.133269389.G.A 15 18 18 13 22 14 7
9.133760007.G.A 141 162 115 167 169 91 44
9.134019995.A.T 112 138 106 140 171 75 63
9.135781077.T.G 70 72 63 58 96 53 59
9.138518015.C.G 32 34 24 35 45 27 22
9.138710440.C.A 77 79 68 70 111 63 27
9.140115394.T.G 46 62 43 53 63 42 36
9.214547.T.C 110 114 87 124 147 92 57
9.27359160.C.T 205 202 156 142 238 164 159
9.72091034.G.A 87 96 69 87 97 74 54
9.72131098.G.A 146 154 107 170 171 127 58
9.73028138.C.G 135 112 108 142 142 101 42
9.78855599.G.A 171 122 119 151 192 129 168
9.90313638.T.G 60 57 45 65 72 56 42
X.107938612.A.G 46 43 31 42 67 39 44
X.110980066.T.C 143 98 94 108 145 76 107
X.129189954.T.G 44 46 36 47 57 32 15
X.135814271.T.C 11 25 13 11 20 17 11
X.139038502.G.T 123 116 78 133 136 114 75
X.139038514.T.G 122 106 83 110 125 97 89
X.154185289.T.C 42 44 38 39 58 32 34
